  Assembling FirstTest64.asm...
FirstTest64.asm(4): error A2013: .MODEL must precede this directive
FirstTest64.asm(5): error A2034: must be in segment block
FirstTest64.asm(6): error A2034: must be in segment block
FirstTest64.asm(8): error A2013: .MODEL must precede this directive
FirstTest64.asm(9): error A2034: must be in segment block : Main
FirstTest64.asm(10): error A2034: must be in segment block
FirstTest64.asm(11): error A2034: must be in segment block
FirstTest64.asm(12): error A2034: must be in segment block
FirstTest64.asm(13): error A2034: must be in segment block
FirstTest64.asm(14): error A2034: must be in segment block
FirstTest64.asm(15): error A2034: must be in segment block
FirstTest64.asm(16): error A2034: must be in segment block
FirstTest64.asm(17): error A2034: must be in segment block
FirstTest64.asm(18): error A2034: must be in segment block
FirstTest64.asm(19): fatal error A1010: unmatched block nesting : Main
C:\Program Files (x86)\MSBuild\Microsoft.Cpp\v4.0\V110\BuildCustomizations\masm.targets(49,5): error MSB3721: The command "ml.exe /c /nologo /Zi /Fo"Debug\FirstTest64.obj" /W3 /errorReport:prompt  /TaFirstTest64.asm" exited with code 1.
